<?xml version="1.0" encoding="UTF-8"?>
<testsuites name="CheckOut_Login" time="0.568" tests="4" failures="0" errors="4">
   <testsuite name="CheckOut_Login" tests="4" failures="0" errors="4" time="0.568" skipped="0" timestamp="2023-06-24 13:26:27" hostname="Preethi Kutty - DESKTOP-90FTU1C" id="Test Suites/CheckOut_Login">
      <properties>
         <property name="deviceName" value=""/>
         <property name="devicePlatform" value=""/>
         <property name="logFolder" value="G:\\Preethi\\Amzon\\Reports\\20230624_132533\\CheckOut_Login\\20230624_132543"/>
         <property name="logFiles" value="G:\\Preethi\\Amzon\\Reports\\20230624_132533\\CheckOut_Login\\20230624_132543\\execution0.log"/>
         <property name="attachments" value=""/>
         <property name="hostName" value="Preethi Kutty - DESKTOP-90FTU1C"/>
         <property name="hostAddress" value="169.254.36.255"/>
         <property name="os" value="Windows 10 64bit"/>
         <property name="katalonVersion" value="8.5.5.208"/>
      </properties>
      <testcase name="Test Cases/Common/TC_Login" time="0.05" classname="Test Cases/Common/TC_Login" status="ERROR">
         <error type="ERROR" message="Test Cases/Common/TC_Login has ERROR(s).
Reason:
java.io.FileNotFoundException: File '' does not exist"/>
         <system-out><![CDATA[2023-06-24 13:26:27 - [TEST_CASE][ERROR] - Test Cases/Common/TC_Login: Test Cases/Common/TC_Login has ERROR(s).
Reason:
java.io.FileNotFoundException: File '' does not exist]]></system-out>
         <system-err><![CDATA[2023-06-24 13:26:27 - [TEST_CASE][ERROR] - Test Cases/Common/TC_Login: Test Cases/Common/TC_Login has ERROR(s).
Reason:
java.io.FileNotFoundException: File '' does not exist]]></system-err>
      </testcase>
      <testcase name="Test Cases/Shopping/TC_Search" time="0.009" classname="Test Cases/Shopping/TC_Search" status="ERROR">
         <error type="ERROR" message="Test Cases/Shopping/TC_Search has ERROR(s).
Reason:
java.io.FileNotFoundException: File '' does not exist"/>
         <system-out><![CDATA[2023-06-24 13:26:27 - [TEST_CASE][ERROR] - Test Cases/Shopping/TC_Search: Test Cases/Shopping/TC_Search has ERROR(s).
Reason:
java.io.FileNotFoundException: File '' does not exist]]></system-out>
         <system-err><![CDATA[2023-06-24 13:26:27 - [TEST_CASE][ERROR] - Test Cases/Shopping/TC_Search: Test Cases/Shopping/TC_Search has ERROR(s).
Reason:
java.io.FileNotFoundException: File '' does not exist]]></system-err>
      </testcase>
      <testcase name="Test Cases/Shopping/TC_CheckOut" time="0.009" classname="Test Cases/Shopping/TC_CheckOut" status="ERROR">
         <error type="ERROR" message="Test Cases/Shopping/TC_CheckOut has ERROR(s).
Reason:
java.io.FileNotFoundException: File '' does not exist"/>
         <system-out><![CDATA[2023-06-24 13:26:27 - [TEST_CASE][ERROR] - Test Cases/Shopping/TC_CheckOut: Test Cases/Shopping/TC_CheckOut has ERROR(s).
Reason:
java.io.FileNotFoundException: File '' does not exist]]></system-out>
         <system-err><![CDATA[2023-06-24 13:26:27 - [TEST_CASE][ERROR] - Test Cases/Shopping/TC_CheckOut: Test Cases/Shopping/TC_CheckOut has ERROR(s).
Reason:
java.io.FileNotFoundException: File '' does not exist]]></system-err>
      </testcase>
      <testcase name="Test Cases/Shopping/TC_DeliveryOptionPage" time="0.011" classname="Test Cases/Shopping/TC_DeliveryOptionPage" status="ERROR">
         <error type="ERROR" message="Test Cases/Shopping/TC_DeliveryOptionPage has ERROR(s).
Reason:
java.io.FileNotFoundException: File '' does not exist"/>
         <system-out><![CDATA[2023-06-24 13:26:27 - [TEST_CASE][ERROR] - Test Cases/Shopping/TC_DeliveryOptionPage: Test Cases/Shopping/TC_DeliveryOptionPage has ERROR(s).
Reason:
java.io.FileNotFoundException: File '' does not exist]]></system-out>
         <system-err><![CDATA[2023-06-24 13:26:27 - [TEST_CASE][ERROR] - Test Cases/Shopping/TC_DeliveryOptionPage: Test Cases/Shopping/TC_DeliveryOptionPage has ERROR(s).
Reason:
java.io.FileNotFoundException: File '' does not exist]]></system-err>
      </testcase>
      <system-out><![CDATA[2023-06-24 13:26:27 - [TEST_SUITE][ERROR] - CheckOut_Login: Test Cases/Common/TC_Login has ERROR(s).
Reason:
java.io.FileNotFoundException: File '' does not exist]]></system-out>
      <system-err><![CDATA[2023-06-24 13:26:27 - [TEST_SUITE][ERROR] - CheckOut_Login: Test Cases/Common/TC_Login has ERROR(s).
Reason:
java.io.FileNotFoundException: File '' does not exist]]></system-err>
   </testsuite>
</testsuites>
