<?xml version="1.0" encoding="UTF-8"?>
<testsuites name="Login_search" time="99.113" tests="2" failures="0" errors="0">
   <testsuite name="Login_search" tests="2" failures="0" errors="0" time="99.113" skipped="0" timestamp="2023-06-28 10:43:30" hostname="Preethi Kutty - DESKTOP-90FTU1C" id="Test Suites/Login_search">
      <properties>
         <property name="deviceName" value=""/>
         <property name="devicePlatform" value=""/>
         <property name="logFolder" value="G:\\Preethi\\Amzon\\Reports\\20230628_104308\\Login_search\\20230628_104308"/>
         <property name="logFiles" value="G:\\Preethi\\Amzon\\Reports\\20230628_104308\\Login_search\\20230628_104308\\execution0.log"/>
         <property name="attachments" value="G:\\Preethi\\Amzon\\Reports\\20230628_104308\\Login_search\\20230628_104308\\1687929292501.png"/>
         <property name="hostName" value="Preethi Kutty - DESKTOP-90FTU1C"/>
         <property name="os" value="Windows 10 64bit"/>
         <property name="katalonVersion" value="8.5.5.208"/>
         <property name="browser" value="Chrome 114.0.0.0"/>
         <property name="hostAddress" value="169.254.36.255"/>
         <property name="sessionId" value="1a5ce95dec3ba18f2869175848f04d9e"/>
         <property name="seleniumVersion" value="3.141.59"/>
         <property name="proxyInformation" value="ProxyInformation { proxyOption=NO_PROXY, proxyServerType=HTTP, username=, password=********, proxyServerAddress=, proxyServerPort=0, executionList=&quot;&quot;, isApplyToDesiredCapabilities=true }"/>
         <property name="platform" value="Windows 10"/>
      </properties>
      <testcase name="Test Cases/Common/Login" time="35.047" classname="Test Cases/Common/Login" status="PASSED">
         <system-out><![CDATA[2023-06-28 10:43:31 - [TEST_CASE][PASSED] - Test Cases/Common/Login: Test Cases/Common/Login

2023-06-28 10:43:31 - [TEST_STEP][PASSED] - openBrowser("https://www.amazon.in/"): Browser is opened with url: 'https://www.amazon.in/'

2023-06-28 10:43:32 - [MESSAGE][INFO] - Starting 'Chrome' driver

2023-06-28 10:43:32 - [MESSAGE][INFO] - Action delay is set to 0 milliseconds

2023-06-28 10:43:46 - [MESSAGE][PASSED] - Browser is opened with url: 'https://www.amazon.in/'

2023-06-28 10:43:46 - [TEST_STEP][PASSED] - maximizeWindow(): Current window maximized

2023-06-28 10:43:47 - [MESSAGE][PASSED] - Current window maximized

2023-06-28 10:43:47 - [TEST_STEP][PASSED] - delay(4): Delayed 4 second(s)

2023-06-28 10:43:51 - [MESSAGE][PASSED] - Delayed 4 second(s)

2023-06-28 10:43:51 - [TEST_STEP][PASSED] - click(findTestObject("Object Repository/Common/lnk_Sign")): Object: 'Object Repository/Common/lnk_Sign' is clicked on

2023-06-28 10:43:53 - [MESSAGE][PASSED] - Object: 'Object Repository/Common/lnk_Sign' is clicked on

2023-06-28 10:43:53 - [TEST_STEP][PASSED] - delay(2): Delayed 2 second(s)

2023-06-28 10:43:55 - [MESSAGE][PASSED] - Delayed 2 second(s)

2023-06-28 10:43:55 - [TEST_STEP][PASSED] - setText(findTestObject("Object Repository/Common/txt_UserName"), "preethijeffy@gmail.com"): Text 'preethijeffy@gmail.com' is set on object 'Object Repository/Common/txt_UserName'

2023-06-28 10:43:56 - [MESSAGE][PASSED] - Text 'preethijeffy@gmail.com' is set on object 'Object Repository/Common/txt_UserName'

2023-06-28 10:43:56 - [TEST_STEP][PASSED] - delay(1): Delayed 1 second(s)

2023-06-28 10:43:57 - [MESSAGE][PASSED] - Delayed 1 second(s)

2023-06-28 10:43:57 - [TEST_STEP][PASSED] - click(findTestObject("Object Repository/Common/btn_continue")): Object: 'Object Repository/Common/btn_continue' is clicked on

2023-06-28 10:43:58 - [MESSAGE][PASSED] - Object: 'Object Repository/Common/btn_continue' is clicked on

2023-06-28 10:43:58 - [TEST_STEP][PASSED] - delay(4): Delayed 4 second(s)

2023-06-28 10:44:02 - [MESSAGE][PASSED] - Delayed 4 second(s)

2023-06-28 10:44:02 - [TEST_STEP][PASSED] - setText(findTestObject("Object Repository/Common/txt_Password"), "jesuslord1221*"): Text 'jesuslord1221*' is set on object 'Object Repository/Common/txt_Password'

2023-06-28 10:44:03 - [MESSAGE][PASSED] - Text 'jesuslord1221*' is set on object 'Object Repository/Common/txt_Password'

2023-06-28 10:44:03 - [TEST_STEP][PASSED] - delay(2): Delayed 2 second(s)

2023-06-28 10:44:05 - [MESSAGE][PASSED] - Delayed 2 second(s)

2023-06-28 10:44:05 - [TEST_STEP][PASSED] - click(findTestObject("Object Repository/Common/btn_Login")): Object: 'Object Repository/Common/btn_Login' is clicked on

2023-06-28 10:44:06 - [MESSAGE][PASSED] - Object: 'Object Repository/Common/btn_Login' is clicked on]]></system-out>
         <system-err><![CDATA[]]></system-err>
      </testcase>
      <testcase name="Test Cases/Shopping/Search_Item" time="16.176" classname="Test Cases/Shopping/Search_Item" status="PASSED">
         <system-out><![CDATA[2023-06-28 10:44:53 - [TEST_CASE][PASSED] - Test Cases/Shopping/Search_Item: Test Cases/Shopping/Search_Item

2023-06-28 10:44:53 - [TEST_STEP][PASSED] - delay(4): Delayed 4 second(s)

2023-06-28 10:44:57 - [MESSAGE][PASSED] - Delayed 4 second(s)

2023-06-28 10:44:57 - [TEST_STEP][PASSED] - click(findTestObject("Object Repository/Search/txt_Search")): Object: 'Object Repository/Search/txt_Search' is clicked on

2023-06-28 10:44:58 - [MESSAGE][PASSED] - Object: 'Object Repository/Search/txt_Search' is clicked on

2023-06-28 10:44:58 - [TEST_STEP][PASSED] - delay(2): Delayed 2 second(s)

2023-06-28 10:45:00 - [MESSAGE][PASSED] - Delayed 2 second(s)

2023-06-28 10:45:00 - [TEST_STEP][PASSED] - setText(findTestObject("Object Repository/Search/txt_Search"), "black water bottle"): Text 'black water bottle' is set on object 'Object Repository/Search/txt_Search'

2023-06-28 10:45:01 - [MESSAGE][PASSED] - Text 'black water bottle' is set on object 'Object Repository/Search/txt_Search'

2023-06-28 10:45:01 - [TEST_STEP][PASSED] - delay(2): Delayed 2 second(s)

2023-06-28 10:45:03 - [MESSAGE][PASSED] - Delayed 2 second(s)

2023-06-28 10:45:03 - [TEST_STEP][PASSED] - click(findTestObject("Object Repository/Search/wel_ItemImg")): Object: 'Object Repository/Search/wel_ItemImg' is clicked on

2023-06-28 10:45:09 - [MESSAGE][PASSED] - Object: 'Object Repository/Search/wel_ItemImg' is clicked on]]></system-out>
         <system-err><![CDATA[]]></system-err>
      </testcase>
      <system-out><![CDATA[2023-06-28 10:43:30 - [TEST_SUITE][FAILED] - Login_search: Test Cases/Shopping/Search_Item FAILED.
Reason:
com.kms.katalon.core.exception.StepFailedException: Unable to click on object 'Object Repository/Search/wel_ItemImg'
	at com.kms.katalon.core.webui.keyword.internal.WebUIKeywordMain.stepFailed(WebUIKeywordMain.groovy:64)
	at com.kms.katalon.core.webui.keyword.internal.WebUIKeywordMain.runKeyword(WebUIKeywordMain.groovy:26)
	at com.kms.katalon.core.webui.keyword.builtin.ClickKeyword.click(ClickKeyword.groovy:74)
	at com.kms.katalon.core.webui.keyword.builtin.ClickKeyword.execute(ClickKeyword.groovy:40)
	at com.kms.katalon.core.keyword.internal.KeywordExecutor.executeKeywordForPlatform(KeywordExecutor.groovy:74)
	at com.kms.katalon.core.webui.keyword.WebUiBuiltInKeywords.click(WebUiBuiltInKeywords.groovy:620)
	at com.kms.katalon.core.webui.keyword.WebUiBuiltInKeywords$click$1.call(Unknown Source)
	at Search_Item.run(Search_Item:28)
	at com.kms.katalon.core.main.ScriptEngine.run(ScriptEngine.java:194)
	at com.kms.katalon.core.main.ScriptEngine.runScriptAsRawText(ScriptEngine.java:119)
	at com.kms.katalon.core.main.TestCaseExecutor.runScript(TestCaseExecutor.java:448)
	at com.kms.katalon.core.main.TestCaseExecutor.doExecute(TestCaseExecutor.java:439)
	at com.kms.katalon.core.main.TestCaseExecutor.processExecutionPhase(TestCaseExecutor.java:418)
	at com.kms.katalon.core.main.TestCaseExecutor.accessMainPhase(TestCaseExecutor.java:410)
	at com.kms.katalon.core.main.TestCaseExecutor.execute(TestCaseExecutor.java:285)
	at com.kms.katalon.core.common.CommonExecutor.accessTestCaseMainPhase(CommonExecutor.java:65)
	at com.kms.katalon.core.main.TestSuiteExecutor.accessTestSuiteMainPhase(TestSuiteExecutor.java:151)
	at com.kms.katalon.core.main.TestSuiteExecutor.execute(TestSuiteExecutor.java:106)
	at com.kms.katalon.core.main.TestCaseMain.startTestSuite(TestCaseMain.java:185)
	at com.kms.katalon.core.main.TestCaseMain$startTestSuite$0.call(Unknown Source)
	at TempTestSuite1687929188711.run(TempTestSuite1687929188711.groovy:36)
Caused by: com.kms.katalon.core.webui.exception.WebElementNotFoundException: Web element with id: 'Object Repository/Search/wel_ItemImg' located by '(//div[@data-index='3']//a)[1]
' not found
	at com.kms.katalon.core.webui.common.WebUiCommonHelper.findWebElement(WebUiCommonHelper.java:1370)
	at com.kms.katalon.core.webui.keyword.internal.WebUIAbstractKeyword.findWebElement(WebUIAbstractKeyword.groovy:27)
	at com.kms.katalon.core.webui.keyword.builtin.ClickKeyword$_click_closure1.doCall(ClickKeyword.groovy:65)
	at com.kms.katalon.core.webui.keyword.builtin.ClickKeyword$_click_closure1.call(ClickKeyword.groovy)
	at com.kms.katalon.core.webui.keyword.internal.WebUIKeywordMain.runKeyword(WebUIKeywordMain.groovy:20)
	... 19 more]]></system-out>
      <system-err><![CDATA[2023-06-28 10:43:30 - [TEST_SUITE][FAILED] - Login_search: Test Cases/Shopping/Search_Item FAILED.
Reason:
com.kms.katalon.core.exception.StepFailedException: Unable to click on object 'Object Repository/Search/wel_ItemImg'
	at com.kms.katalon.core.webui.keyword.internal.WebUIKeywordMain.stepFailed(WebUIKeywordMain.groovy:64)
	at com.kms.katalon.core.webui.keyword.internal.WebUIKeywordMain.runKeyword(WebUIKeywordMain.groovy:26)
	at com.kms.katalon.core.webui.keyword.builtin.ClickKeyword.click(ClickKeyword.groovy:74)
	at com.kms.katalon.core.webui.keyword.builtin.ClickKeyword.execute(ClickKeyword.groovy:40)
	at com.kms.katalon.core.keyword.internal.KeywordExecutor.executeKeywordForPlatform(KeywordExecutor.groovy:74)
	at com.kms.katalon.core.webui.keyword.WebUiBuiltInKeywords.click(WebUiBuiltInKeywords.groovy:620)
	at com.kms.katalon.core.webui.keyword.WebUiBuiltInKeywords$click$1.call(Unknown Source)
	at Search_Item.run(Search_Item:28)
	at com.kms.katalon.core.main.ScriptEngine.run(ScriptEngine.java:194)
	at com.kms.katalon.core.main.ScriptEngine.runScriptAsRawText(ScriptEngine.java:119)
	at com.kms.katalon.core.main.TestCaseExecutor.runScript(TestCaseExecutor.java:448)
	at com.kms.katalon.core.main.TestCaseExecutor.doExecute(TestCaseExecutor.java:439)
	at com.kms.katalon.core.main.TestCaseExecutor.processExecutionPhase(TestCaseExecutor.java:418)
	at com.kms.katalon.core.main.TestCaseExecutor.accessMainPhase(TestCaseExecutor.java:410)
	at com.kms.katalon.core.main.TestCaseExecutor.execute(TestCaseExecutor.java:285)
	at com.kms.katalon.core.common.CommonExecutor.accessTestCaseMainPhase(CommonExecutor.java:65)
	at com.kms.katalon.core.main.TestSuiteExecutor.accessTestSuiteMainPhase(TestSuiteExecutor.java:151)
	at com.kms.katalon.core.main.TestSuiteExecutor.execute(TestSuiteExecutor.java:106)
	at com.kms.katalon.core.main.TestCaseMain.startTestSuite(TestCaseMain.java:185)
	at com.kms.katalon.core.main.TestCaseMain$startTestSuite$0.call(Unknown Source)
	at TempTestSuite1687929188711.run(TempTestSuite1687929188711.groovy:36)
Caused by: com.kms.katalon.core.webui.exception.WebElementNotFoundException: Web element with id: 'Object Repository/Search/wel_ItemImg' located by '(//div[@data-index='3']//a)[1]
' not found
	at com.kms.katalon.core.webui.common.WebUiCommonHelper.findWebElement(WebUiCommonHelper.java:1370)
	at com.kms.katalon.core.webui.keyword.internal.WebUIAbstractKeyword.findWebElement(WebUIAbstractKeyword.groovy:27)
	at com.kms.katalon.core.webui.keyword.builtin.ClickKeyword$_click_closure1.doCall(ClickKeyword.groovy:65)
	at com.kms.katalon.core.webui.keyword.builtin.ClickKeyword$_click_closure1.call(ClickKeyword.groovy)
	at com.kms.katalon.core.webui.keyword.internal.WebUIKeywordMain.runKeyword(WebUIKeywordMain.groovy:20)
	... 19 more]]></system-err>
   </testsuite>
</testsuites>
